2017-02-24 03:11:50,928 [Worker-0] INFO  c.g.t.t.d.PublishedGradleVersions - Gradle version information cache is up-to-date. Trying to read.
2017-02-24 03:12:19,233 [Worker-5] INFO  o.e.m.c.i.l.LifecycleMappingFactory - Using org.eclipse.m2e.jdt.JarLifecycleMapping lifecycle mapping for MavenProject: com.github.emilybache:tennis-kata:1.0-SNAPSHOT @ C:\RefactorizacionTennisGame\java\pom.xml.
2017-02-24 03:12:19,864 [Worker-5] INFO  o.e.m.j.i.AbstractJavaProjectConfigurator - Adding source folder /java/src/main/java
2017-02-24 03:12:19,876 [Worker-5] INFO  o.e.m.j.i.AbstractJavaProjectConfigurator - Adding source folder /java/src/test/java
2017-02-24 03:12:20,785 [Worker-5] INFO  o.e.m.c.i.p.ProjectConfigurationManager - Imported and configured 1 project(s) in 3 sec
2017-02-24 03:12:22,130 [Worker-4] INFO  o.e.m.c.i.embedder.EclipseLogger - Using 'UTF-8' encoding to copy filtered resources.
2017-02-24 03:12:22,130 [Worker-4] INFO  o.e.m.c.i.embedder.EclipseLogger - skip non existing resourceDirectory C:\RefactorizacionTennisGame\java\src\main\resources
2017-02-24 03:12:22,134 [Worker-4] INFO  o.e.m.c.i.embedder.EclipseLogger - Using 'UTF-8' encoding to copy filtered resources.
2017-02-24 03:12:22,134 [Worker-4] INFO  o.e.m.c.i.embedder.EclipseLogger - skip non existing resourceDirectory C:\RefactorizacionTennisGame\java\src\test\resources
2017-02-24 03:28:20,857 [Worker-20] INFO  o.e.m.c.i.embedder.EclipseLogger - Using 'UTF-8' encoding to copy filtered resources.
2017-02-24 03:28:20,857 [Worker-20] INFO  o.e.m.c.i.embedder.EclipseLogger - skip non existing resourceDirectory C:\RefactorizacionTennisGame\java\src\main\resources
2017-02-24 03:28:20,860 [Worker-20] INFO  o.e.m.c.i.embedder.EclipseLogger - Using 'UTF-8' encoding to copy filtered resources.
2017-02-24 03:28:20,860 [Worker-20] INFO  o.e.m.c.i.embedder.EclipseLogger - skip non existing resourceDirectory C:\RefactorizacionTennisGame\java\src\test\resources
2017-02-24 04:33:15,677 [Worker-24] INFO  o.e.m.c.i.embedder.EclipseLogger - Using 'UTF-8' encoding to copy filtered resources.
2017-02-24 04:33:15,677 [Worker-24] INFO  o.e.m.c.i.embedder.EclipseLogger - skip non existing resourceDirectory C:\RefactorizacionTennisGame\java\src\main\resources
2017-02-24 04:33:15,680 [Worker-24] INFO  o.e.m.c.i.embedder.EclipseLogger - Using 'UTF-8' encoding to copy filtered resources.
2017-02-24 04:33:15,686 [Worker-24] INFO  o.e.m.c.i.embedder.EclipseLogger - skip non existing resourceDirectory C:\RefactorizacionTennisGame\java\src\test\resources
2017-02-24 04:33:42,801 [Worker-22] INFO  o.e.m.c.i.embedder.EclipseLogger - Using 'UTF-8' encoding to copy filtered resources.
2017-02-24 04:33:42,802 [Worker-22] INFO  o.e.m.c.i.embedder.EclipseLogger - skip non existing resourceDirectory C:\RefactorizacionTennisGame\java\src\main\resources
2017-02-24 04:33:42,804 [Worker-22] INFO  o.e.m.c.i.embedder.EclipseLogger - Using 'UTF-8' encoding to copy filtered resources.
2017-02-24 04:33:42,810 [Worker-22] INFO  o.e.m.c.i.embedder.EclipseLogger - skip non existing resourceDirectory C:\RefactorizacionTennisGame\java\src\test\resources
2017-02-24 04:33:56,583 [Worker-25] INFO  o.e.m.c.i.embedder.EclipseLogger - Using 'UTF-8' encoding to copy filtered resources.
2017-02-24 04:33:56,588 [Worker-25] INFO  o.e.m.c.i.embedder.EclipseLogger - skip non existing resourceDirectory C:\RefactorizacionTennisGame\java\src\main\resources
2017-02-24 04:33:56,594 [Worker-25] INFO  o.e.m.c.i.embedder.EclipseLogger - Using 'UTF-8' encoding to copy filtered resources.
2017-02-24 04:33:56,602 [Worker-25] INFO  o.e.m.c.i.embedder.EclipseLogger - skip non existing resourceDirectory C:\RefactorizacionTennisGame\java\src\test\resources
2017-02-24 04:35:55,787 [Worker-22] INFO  o.e.m.c.i.embedder.EclipseLogger - Using 'UTF-8' encoding to copy filtered resources.
2017-02-24 04:35:55,788 [Worker-22] INFO  o.e.m.c.i.embedder.EclipseLogger - skip non existing resourceDirectory C:\RefactorizacionTennisGame\java\src\main\resources
2017-02-24 04:35:55,790 [Worker-22] INFO  o.e.m.c.i.embedder.EclipseLogger - Using 'UTF-8' encoding to copy filtered resources.
2017-02-24 04:35:55,799 [Worker-22] INFO  o.e.m.c.i.embedder.EclipseLogger - skip non existing resourceDirectory C:\RefactorizacionTennisGame\java\src\test\resources
2017-02-24 05:14:58,769 [Worker-29] INFO  o.e.m.c.i.embedder.EclipseLogger - Using 'UTF-8' encoding to copy filtered resources.
2017-02-24 05:14:58,778 [Worker-29] INFO  o.e.m.c.i.embedder.EclipseLogger - skip non existing resourceDirectory C:\RefactorizacionTennisGame\java\src\main\resources
2017-02-24 05:14:58,784 [Worker-29] INFO  o.e.m.c.i.embedder.EclipseLogger - Using 'UTF-8' encoding to copy filtered resources.
2017-02-24 05:14:58,789 [Worker-29] INFO  o.e.m.c.i.embedder.EclipseLogger - skip non existing resourceDirectory C:\RefactorizacionTennisGame\java\src\test\resources
2017-02-24 05:15:09,516 [Worker-33] INFO  o.e.m.c.i.embedder.EclipseLogger - Using 'UTF-8' encoding to copy filtered resources.
2017-02-24 05:15:09,516 [Worker-33] INFO  o.e.m.c.i.embedder.EclipseLogger - skip non existing resourceDirectory C:\RefactorizacionTennisGame\java\src\main\resources
2017-02-24 05:15:09,518 [Worker-33] INFO  o.e.m.c.i.embedder.EclipseLogger - Using 'UTF-8' encoding to copy filtered resources.
2017-02-24 05:15:09,524 [Worker-33] INFO  o.e.m.c.i.embedder.EclipseLogger - skip non existing resourceDirectory C:\RefactorizacionTennisGame\java\src\test\resources
2017-02-24 05:16:04,373 [Worker-33] INFO  o.e.m.c.i.embedder.EclipseLogger - Using 'UTF-8' encoding to copy filtered resources.
2017-02-24 05:16:04,378 [Worker-33] INFO  o.e.m.c.i.embedder.EclipseLogger - skip non existing resourceDirectory C:\RefactorizacionTennisGame\java\src\main\resources
2017-02-24 05:16:04,385 [Worker-33] INFO  o.e.m.c.i.embedder.EclipseLogger - Using 'UTF-8' encoding to copy filtered resources.
2017-02-24 05:16:04,393 [Worker-33] INFO  o.e.m.c.i.embedder.EclipseLogger - skip non existing resourceDirectory C:\RefactorizacionTennisGame\java\src\test\resources
2017-02-24 05:16:27,324 [Worker-29] INFO  o.e.m.c.i.embedder.EclipseLogger - Using 'UTF-8' encoding to copy filtered resources.
2017-02-24 05:16:27,325 [Worker-29] INFO  o.e.m.c.i.embedder.EclipseLogger - skip non existing resourceDirectory C:\RefactorizacionTennisGame\java\src\main\resources
2017-02-24 05:16:27,326 [Worker-29] INFO  o.e.m.c.i.embedder.EclipseLogger - Using 'UTF-8' encoding to copy filtered resources.
2017-02-24 05:16:27,330 [Worker-29] INFO  o.e.m.c.i.embedder.EclipseLogger - skip non existing resourceDirectory C:\RefactorizacionTennisGame\java\src\test\resources
2017-02-24 05:16:28,451 [Worker-32] INFO  o.e.m.c.i.embedder.EclipseLogger - Using 'UTF-8' encoding to copy filtered resources.
2017-02-24 05:16:28,455 [Worker-32] INFO  o.e.m.c.i.embedder.EclipseLogger - skip non existing resourceDirectory C:\RefactorizacionTennisGame\java\src\main\resources
2017-02-24 05:16:28,461 [Worker-32] INFO  o.e.m.c.i.embedder.EclipseLogger - Using 'UTF-8' encoding to copy filtered resources.
2017-02-24 05:16:28,465 [Worker-32] INFO  o.e.m.c.i.embedder.EclipseLogger - skip non existing resourceDirectory C:\RefactorizacionTennisGame\java\src\test\resources
2017-02-24 05:16:30,270 [Worker-29] INFO  o.e.m.c.i.embedder.EclipseLogger - Using 'UTF-8' encoding to copy filtered resources.
2017-02-24 05:16:30,270 [Worker-29] INFO  o.e.m.c.i.embedder.EclipseLogger - skip non existing resourceDirectory C:\RefactorizacionTennisGame\java\src\main\resources
2017-02-24 05:16:30,272 [Worker-29] INFO  o.e.m.c.i.embedder.EclipseLogger - Using 'UTF-8' encoding to copy filtered resources.
2017-02-24 05:16:30,278 [Worker-29] INFO  o.e.m.c.i.embedder.EclipseLogger - skip non existing resourceDirectory C:\RefactorizacionTennisGame\java\src\test\resources
2017-02-24 05:16:31,395 [Worker-28] INFO  o.e.m.c.i.embedder.EclipseLogger - Using 'UTF-8' encoding to copy filtered resources.
2017-02-24 05:16:31,399 [Worker-28] INFO  o.e.m.c.i.embedder.EclipseLogger - skip non existing resourceDirectory C:\RefactorizacionTennisGame\java\src\main\resources
2017-02-24 05:16:31,405 [Worker-28] INFO  o.e.m.c.i.embedder.EclipseLogger - Using 'UTF-8' encoding to copy filtered resources.
2017-02-24 05:16:31,410 [Worker-28] INFO  o.e.m.c.i.embedder.EclipseLogger - skip non existing resourceDirectory C:\RefactorizacionTennisGame\java\src\test\resources
2017-02-24 05:16:32,477 [Worker-29] INFO  o.e.m.c.i.embedder.EclipseLogger - Using 'UTF-8' encoding to copy filtered resources.
2017-02-24 05:16:32,477 [Worker-29] INFO  o.e.m.c.i.embedder.EclipseLogger - skip non existing resourceDirectory C:\RefactorizacionTennisGame\java\src\main\resources
2017-02-24 05:16:32,481 [Worker-29] INFO  o.e.m.c.i.embedder.EclipseLogger - Using 'UTF-8' encoding to copy filtered resources.
2017-02-24 05:16:32,487 [Worker-29] INFO  o.e.m.c.i.embedder.EclipseLogger - skip non existing resourceDirectory C:\RefactorizacionTennisGame\java\src\test\resources
2017-02-24 05:17:55,197 [Worker-32] INFO  o.e.m.c.i.embedder.EclipseLogger - Using 'UTF-8' encoding to copy filtered resources.
2017-02-24 05:17:55,202 [Worker-32] INFO  o.e.m.c.i.embedder.EclipseLogger - skip non existing resourceDirectory C:\RefactorizacionTennisGame\java\src\main\resources
2017-02-24 05:17:55,209 [Worker-32] INFO  o.e.m.c.i.embedder.EclipseLogger - Using 'UTF-8' encoding to copy filtered resources.
2017-02-24 05:17:55,213 [Worker-32] INFO  o.e.m.c.i.embedder.EclipseLogger - skip non existing resourceDirectory C:\RefactorizacionTennisGame\java\src\test\resources
2017-02-24 05:19:12,664 [Worker-31] INFO  o.e.m.c.i.embedder.EclipseLogger - Using 'UTF-8' encoding to copy filtered resources.
2017-02-24 05:19:12,665 [Worker-31] INFO  o.e.m.c.i.embedder.EclipseLogger - skip non existing resourceDirectory C:\RefactorizacionTennisGame\java\src\main\resources
2017-02-24 05:19:12,667 [Worker-31] INFO  o.e.m.c.i.embedder.EclipseLogger - Using 'UTF-8' encoding to copy filtered resources.
2017-02-24 05:19:12,671 [Worker-31] INFO  o.e.m.c.i.embedder.EclipseLogger - skip non existing resourceDirectory C:\RefactorizacionTennisGame\java\src\test\resources
2017-02-24 05:21:06,682 [Worker-35] INFO  o.e.m.c.i.embedder.EclipseLogger - Using 'UTF-8' encoding to copy filtered resources.
2017-02-24 05:21:06,682 [Worker-35] INFO  o.e.m.c.i.embedder.EclipseLogger - skip non existing resourceDirectory C:\RefactorizacionTennisGame\java\src\main\resources
2017-02-24 05:21:06,690 [Worker-35] INFO  o.e.m.c.i.embedder.EclipseLogger - Using 'UTF-8' encoding to copy filtered resources.
2017-02-24 05:21:06,697 [Worker-35] INFO  o.e.m.c.i.embedder.EclipseLogger - skip non existing resourceDirectory C:\RefactorizacionTennisGame\java\src\test\resources
2017-02-24 05:23:06,464 [Worker-35] INFO  o.e.m.c.i.embedder.EclipseLogger - Using 'UTF-8' encoding to copy filtered resources.
2017-02-24 05:23:06,464 [Worker-35] INFO  o.e.m.c.i.embedder.EclipseLogger - skip non existing resourceDirectory C:\RefactorizacionTennisGame\java\src\main\resources
2017-02-24 05:23:06,466 [Worker-35] INFO  o.e.m.c.i.embedder.EclipseLogger - Using 'UTF-8' encoding to copy filtered resources.
2017-02-24 05:23:06,472 [Worker-35] INFO  o.e.m.c.i.embedder.EclipseLogger - skip non existing resourceDirectory C:\RefactorizacionTennisGame\java\src\test\resources
2017-02-24 05:23:36,695 [Worker-34] INFO  o.e.m.c.i.embedder.EclipseLogger - Using 'UTF-8' encoding to copy filtered resources.
2017-02-24 05:23:36,703 [Worker-34] INFO  o.e.m.c.i.embedder.EclipseLogger - skip non existing resourceDirectory C:\RefactorizacionTennisGame\java\src\main\resources
2017-02-24 05:23:36,710 [Worker-34] INFO  o.e.m.c.i.embedder.EclipseLogger - Using 'UTF-8' encoding to copy filtered resources.
2017-02-24 05:23:36,715 [Worker-34] INFO  o.e.m.c.i.embedder.EclipseLogger - skip non existing resourceDirectory C:\RefactorizacionTennisGame\java\src\test\resources
2017-02-24 05:23:44,471 [Worker-32] INFO  o.e.m.c.i.embedder.EclipseLogger - Using 'UTF-8' encoding to copy filtered resources.
2017-02-24 05:23:44,472 [Worker-32] INFO  o.e.m.c.i.embedder.EclipseLogger - skip non existing resourceDirectory C:\RefactorizacionTennisGame\java\src\main\resources
2017-02-24 05:23:44,473 [Worker-32] INFO  o.e.m.c.i.embedder.EclipseLogger - Using 'UTF-8' encoding to copy filtered resources.
2017-02-24 05:23:44,479 [Worker-32] INFO  o.e.m.c.i.embedder.EclipseLogger - skip non existing resourceDirectory C:\RefactorizacionTennisGame\java\src\test\resources
2017-02-24 05:25:09,198 [Worker-32] INFO  o.e.m.c.i.embedder.EclipseLogger - Using 'UTF-8' encoding to copy filtered resources.
2017-02-24 05:25:09,204 [Worker-32] INFO  o.e.m.c.i.embedder.EclipseLogger - skip non existing resourceDirectory C:\RefactorizacionTennisGame\java\src\main\resources
2017-02-24 05:25:09,209 [Worker-32] INFO  o.e.m.c.i.embedder.EclipseLogger - Using 'UTF-8' encoding to copy filtered resources.
2017-02-24 05:25:09,214 [Worker-32] INFO  o.e.m.c.i.embedder.EclipseLogger - skip non existing resourceDirectory C:\RefactorizacionTennisGame\java\src\test\resources
2017-02-24 05:25:39,285 [Worker-35] INFO  o.e.m.c.i.embedder.EclipseLogger - Using 'UTF-8' encoding to copy filtered resources.
2017-02-24 05:25:39,286 [Worker-35] INFO  o.e.m.c.i.embedder.EclipseLogger - skip non existing resourceDirectory C:\RefactorizacionTennisGame\java\src\main\resources
2017-02-24 05:25:39,288 [Worker-35] INFO  o.e.m.c.i.embedder.EclipseLogger - Using 'UTF-8' encoding to copy filtered resources.
2017-02-24 05:25:39,293 [Worker-35] INFO  o.e.m.c.i.embedder.EclipseLogger - skip non existing resourceDirectory C:\RefactorizacionTennisGame\java\src\test\resources
2017-02-24 05:26:36,560 [Worker-32] INFO  o.e.m.c.i.embedder.EclipseLogger - Using 'UTF-8' encoding to copy filtered resources.
2017-02-24 05:26:36,567 [Worker-32] INFO  o.e.m.c.i.embedder.EclipseLogger - skip non existing resourceDirectory C:\RefactorizacionTennisGame\java\src\main\resources
2017-02-24 05:26:36,574 [Worker-32] INFO  o.e.m.c.i.embedder.EclipseLogger - Using 'UTF-8' encoding to copy filtered resources.
2017-02-24 05:26:36,578 [Worker-32] INFO  o.e.m.c.i.embedder.EclipseLogger - skip non existing resourceDirectory C:\RefactorizacionTennisGame\java\src\test\resources
2017-02-24 05:27:07,716 [Worker-34] INFO  o.e.m.c.i.embedder.EclipseLogger - Using 'UTF-8' encoding to copy filtered resources.
2017-02-24 05:27:07,716 [Worker-34] INFO  o.e.m.c.i.embedder.EclipseLogger - skip non existing resourceDirectory C:\RefactorizacionTennisGame\java\src\main\resources
2017-02-24 05:27:07,718 [Worker-34] INFO  o.e.m.c.i.embedder.EclipseLogger - Using 'UTF-8' encoding to copy filtered resources.
2017-02-24 05:27:07,726 [Worker-34] INFO  o.e.m.c.i.embedder.EclipseLogger - skip non existing resourceDirectory C:\RefactorizacionTennisGame\java\src\test\resources
2017-02-24 05:28:21,639 [Worker-32] INFO  o.e.m.c.i.embedder.EclipseLogger - Using 'UTF-8' encoding to copy filtered resources.
2017-02-24 05:28:21,644 [Worker-32] INFO  o.e.m.c.i.embedder.EclipseLogger - skip non existing resourceDirectory C:\RefactorizacionTennisGame\java\src\main\resources
2017-02-24 05:28:21,649 [Worker-32] INFO  o.e.m.c.i.embedder.EclipseLogger - Using 'UTF-8' encoding to copy filtered resources.
2017-02-24 05:28:21,654 [Worker-32] INFO  o.e.m.c.i.embedder.EclipseLogger - skip non existing resourceDirectory C:\RefactorizacionTennisGame\java\src\test\resources
